<?xml version="1.0" encoding="UTF-8"?>
<beans xmlns="http://www.springframework.org/schema/beans"
	xmlns:xsi="http://www.w3.org/2001/XMLSchema-instance" xmlns:aop="http://www.springframework.org/schema/aop"
	xmlns:tx="http://www.springframework.org/schema/tx"
	xmlns:context="http://www.springframework.org/schema/context"
	xsi:schemaLocation="http://www.springframework.org/schema/beans http://www.springframework.org/schema/beans/spring-beans.xsd
        http://www.springframework.org/schema/aop http://www.springframework.org/schema/aop/spring-aop-4.0.xsd
        http://www.springframework.org/schema/tx http://www.springframework.org/schema/tx/spring-tx-4.0.xsd
        http://www.springframework.org/schema/context http://www.springframework.org/schema/context/spring-context-3.1.xsd">

    <context:component-scan base-package="com.cater" />
    
	<bean id="dataSource" class="org.apache.commons.dbcp.BasicDataSource"
		destroy-method="close">
		<property name="driverClassName" value="org.hsqldb.jdbc.JDBCDriver" />
		<property name="url" value="jdbc:hsqldb:hsql://localhost:9001/testdb" />
		<property name="username" value="sa" />
		<property name="password" value="" />
		<!-- <property name="default_catalog" value="PUBLIC" /> -->
		<!-- <property name="default_schema" value="cater4party" /> -->
	</bean>


	<!-- Hibernate 4 SessionFactory Bean definition -->
	<bean id="hibernate4AnnotatedSessionFactory"
		class="org.springframework.orm.hibernate4.LocalSessionFactoryBean">
		<property name="dataSource" ref="dataSource" />
		<property name="annotatedClasses">
			<list>
				<value>com.cater.model.Login</value>
			</list>
		</property>
		<property name="hibernateProperties">
			<props>
				<!-- <prop key="hibernate.dialect">org.hibernate.dialect.MySQLDialect</prop> -->
				<prop key="hibernate.dialect">org.hibernate.dialect.HSQLDialect</prop>
				<prop key="hibernate.current_session_context_class">thread</prop>
				<prop key="hibernate.show_sql">true</prop>
				<prop key="hibernate.default_catalog">PUBLIC</prop>
				<prop key="hibernate.default_schema">cater4party</prop>
			</props>
		</property>
	</bean>


	<!-- <bean id="personDAO" class="com.journaldev.dao.PersonDAOImpl">
		<property name="sessionFactory" ref="hibernate4AnnotatedSessionFactory" />
	</bean> -->
</beans>